<?xml version="1.0" encoding="UTF-8"?>
<Site BuildName="(empty)"
	BuildStamp="20240722-1200-Experimental"
	Name="damla-CASPER-NIRVANA-NOTEBOOK"
	Generator="ctest-3.16.3"
	CompilerName="/usr/bin/c++"
	CompilerVersion="9.4.0"
	OSName="Linux"
	Hostname="damla-CASPER-NIRVANA-NOTEBOOK"
	OSRelease="5.15.0-116-generic"
	OSVersion="#126~20.04.1-Ubuntu SMP Mon Jul 1 15:40:07 UTC 2024"
	OSPlatform="x86_64"
	Is64Bits="1"
	VendorString="GenuineIntel"
	VendorID="Intel Corporation"
	FamilyID="6"
	ModelID="142"
	ProcessorCacheSize="3072"
	NumberOfLogicalCPU="4"
	NumberOfPhysicalCPU="2"
	TotalVirtualMemory="2047"
	TotalPhysicalMemory="7824"
	LogicalProcessorsPerPhysical="2"
	ProcessorClockFrequency="3042.67"
	>
	<Testing>
		<StartDateTime>Jul 22 15:00 +03</StartDateTime>
		<StartTestTime>1721649636</StartTestTime>
		<TestList/>
		<EndDateTime>Jul 22 15:00 +03</EndDateTime>
		<EndTestTime>1721649636</EndTestTime>
		<ElapsedMinutes>0</ElapsedMinutes>
	</Testing>
</Site>
